<?xml version="1.0" encoding="UTF-8"?>
<testng-results ignored="0" total="1" passed="1" failed="0" skipped="0">
  <reporter-output>
  </reporter-output>
  <suite started-at="2019-08-04T02:49:18Z" name="Default suite" finished-at="2019-08-04T02:49:31Z" duration-ms="12911">
    <groups>
    </groups>
    <test started-at="2019-08-04T02:49:18Z" name="Default test" finished-at="2019-08-04T02:49:31Z" duration-ms="12911">
      <class name="test.SecondPageTest">
        <test-method is-config="true" signature="beforeTest()[pri:0, instance:test.SecondPageTest@1f59a598]" started-at="2019-08-04T02:49:18Z" name="beforeTest" finished-at="2019-08-04T02:49:21Z" duration-ms="2734" status="PASS">
          <reporter-output>
          </reporter-output>
        </test-method> <!-- beforeTest -->
        <test-method signature="f()[pri:0, instance:test.SecondPageTest@1f59a598]" started-at="2019-08-04T02:49:21Z" name="f" finished-at="2019-08-04T02:49:31Z" duration-ms="9884" status="PASS">
          <reporter-output>
          </reporter-output>
        </test-method> <!-- f -->
        <test-method is-config="true" signature="afterTest()[pri:0, instance:test.SecondPageTest@1f59a598]" started-at="2019-08-04T02:49:31Z" name="afterTest" finished-at="2019-08-04T02:49:31Z" duration-ms="255" status="PASS">
          <reporter-output>
          </reporter-output>
        </test-method> <!-- afterTest -->
      </class> <!-- test.SecondPageTest -->
    </test> <!-- Default test -->
  </suite> <!-- Default suite -->
</testng-results>
