<?xml version="1.0" encoding="UTF-8"?>
<testng-results ignored="0" total="1" passed="1" failed="0" skipped="0">
  <reporter-output>
  </reporter-output>
  <suite started-at="2019-08-06T02:10:37Z" name="Default suite" finished-at="2019-08-06T02:10:51Z" duration-ms="13129">
    <groups>
    </groups>
    <test started-at="2019-08-06T02:10:37Z" name="Default test" finished-at="2019-08-06T02:10:51Z" duration-ms="13129">
      <class name="test.SecondPageTest">
        <test-method is-config="true" signature="beforeTest()[pri:0, instance:test.SecondPageTest@77f1baf5]" started-at="2019-08-06T02:10:37Z" name="beforeTest" finished-at="2019-08-06T02:10:40Z" duration-ms="2236" status="PASS">
          <reporter-output>
          </reporter-output>
        </test-method> <!-- beforeTest -->
        <test-method signature="f()[pri:0, instance:test.SecondPageTest@77f1baf5]" started-at="2019-08-06T02:10:40Z" name="f" finished-at="2019-08-06T02:10:50Z" duration-ms="10613" status="PASS">
          <reporter-output>
          </reporter-output>
        </test-method> <!-- f -->
        <test-method is-config="true" signature="afterTest()[pri:0, instance:test.SecondPageTest@77f1baf5]" started-at="2019-08-06T02:10:50Z" name="afterTest" finished-at="2019-08-06T02:10:51Z" duration-ms="248" status="PASS">
          <reporter-output>
          </reporter-output>
        </test-method> <!-- afterTest -->
      </class> <!-- test.SecondPageTest -->
    </test> <!-- Default test -->
  </suite> <!-- Default suite -->
</testng-results>
